2019-08-20 10:34:02 [main] DEBUG fr.triedge.pixis.ctrl.Controller - Starting initialization...
2019-08-20 10:34:02 [main] DEBUG fr.triedge.pixis.ctrl.Controller - Initialization completed
2019-08-20 10:34:57 [main] DEBUG fr.triedge.pixis.ctrl.Controller - Starting initialization...
2019-08-20 10:34:57 [main] DEBUG fr.triedge.pixis.ctrl.Controller - Initialization completed
2019-08-20 10:34:57 [main] DEBUG fr.triedge.pixis.ui.MainWindow - Windows built
2019-08-20 10:46:48 [main] DEBUG fr.triedge.pixis.ctrl.Controller - Starting initialization...
2019-08-20 10:46:48 [main] DEBUG fr.triedge.pixis.ctrl.Controller - Initialization completed
2019-08-20 10:46:48 [main] DEBUG fr.triedge.pixis.ui.MainWindow - Windows built
2019-08-20 10:46:51 [AWT-EventQueue-0] DEBUG fr.triedge.pixis.ctrl.Controller - ACTION CALLED: New Project
2019-08-20 10:46:51 [AWT-EventQueue-0] DEBUG fr.triedge.pixis.ctrl.Controller - ACTION DONE: New Project
2019-08-20 10:47:03 [AWT-EventQueue-0] DEBUG fr.triedge.pixis.ctrl.Controller - Project created: null
2019-08-20 10:47:32 [AWT-EventQueue-0] DEBUG fr.triedge.pixis.ctrl.Controller - ACTION CALLED: Quit
2019-08-20 10:47:32 [AWT-EventQueue-0] DEBUG fr.triedge.pixis.ctrl.Controller - ACTION DONE: Quit
2019-08-20 10:49:07 [main] DEBUG fr.triedge.pixis.ctrl.Controller - Starting initialization...
2019-08-20 10:49:07 [main] DEBUG fr.triedge.pixis.ctrl.Controller - Initialization completed
2019-08-20 10:49:07 [main] DEBUG fr.triedge.pixis.ui.MainWindow - Windows built
2019-08-20 10:49:10 [AWT-EventQueue-0] DEBUG fr.triedge.pixis.ctrl.Controller - ACTION CALLED: Quit
2019-08-20 10:49:10 [AWT-EventQueue-0] DEBUG fr.triedge.pixis.ctrl.Controller - ACTION DONE: Quit
2019-08-20 11:04:29 [main] DEBUG fr.triedge.pixis.ctrl.Controller - Starting initialization...
2019-08-20 11:04:29 [main] DEBUG fr.triedge.pixis.ctrl.Controller - Initialization completed
2019-08-20 11:04:29 [main] DEBUG fr.triedge.pixis.ui.MainWindow - Windows built
2019-08-20 11:07:50 [AWT-EventQueue-0] DEBUG fr.triedge.pixis.ctrl.Controller - ACTION CALLED: Quit
2019-08-20 11:07:50 [AWT-EventQueue-0] DEBUG fr.triedge.pixis.ctrl.Controller - ACTION DONE: Quit
2019-08-20 11:07:53 [main] DEBUG fr.triedge.pixis.ctrl.Controller - Starting initialization...
2019-08-20 11:07:53 [main] DEBUG fr.triedge.pixis.ctrl.Controller - Initialization completed
2019-08-20 11:07:53 [main] DEBUG fr.triedge.pixis.ui.MainWindow - Windows built
2019-08-20 11:07:57 [AWT-EventQueue-0] DEBUG fr.triedge.pixis.ctrl.Controller - ACTION CALLED: Quit
2019-08-20 11:07:57 [AWT-EventQueue-0] DEBUG fr.triedge.pixis.ctrl.Controller - ACTION DONE: Quit
2019-08-20 11:15:49 [main] DEBUG fr.triedge.pixis.ctrl.Controller - Starting initialization...
2019-08-20 11:15:49 [main] DEBUG fr.triedge.pixis.ctrl.Controller - Initialization completed
2019-08-20 11:15:49 [main] DEBUG fr.triedge.pixis.ui.MainWindow - Windows built
2019-08-20 11:15:53 [AWT-EventQueue-0] DEBUG fr.triedge.pixis.ctrl.Controller - ACTION CALLED: Quit
2019-08-20 11:15:53 [AWT-EventQueue-0] DEBUG fr.triedge.pixis.ctrl.Controller - ACTION DONE: Quit
2019-08-20 11:18:32 [main] DEBUG fr.triedge.pixis.ctrl.Controller - Starting initialization...
2019-08-20 11:18:32 [main] DEBUG fr.triedge.pixis.ctrl.Controller - Initialization completed
2019-08-20 11:18:32 [main] DEBUG fr.triedge.pixis.ui.MainWindow - Windows built
2019-08-20 11:18:33 [AWT-EventQueue-0] DEBUG fr.triedge.pixis.ctrl.Controller - ACTION CALLED: Quit
2019-08-20 11:18:33 [AWT-EventQueue-0] DEBUG fr.triedge.pixis.ctrl.Controller - ACTION DONE: Quit
2019-08-20 11:18:52 [main] DEBUG fr.triedge.pixis.ctrl.Controller - Starting initialization...
2019-08-20 11:18:52 [main] DEBUG fr.triedge.pixis.ctrl.Controller - Initialization completed
2019-08-20 11:19:09 [main] DEBUG fr.triedge.pixis.ctrl.Controller - Starting initialization...
2019-08-20 11:19:09 [main] DEBUG fr.triedge.pixis.ctrl.Controller - Initialization completed
2019-08-20 11:19:10 [main] DEBUG fr.triedge.pixis.ui.MainWindow - Windows built
2019-08-20 11:22:52 [AWT-EventQueue-0] DEBUG fr.triedge.pixis.ctrl.Controller - ACTION CALLED: Quit
2019-08-20 11:22:52 [AWT-EventQueue-0] DEBUG fr.triedge.pixis.ctrl.Controller - ACTION DONE: Quit
2019-08-20 11:22:56 [main] DEBUG fr.triedge.pixis.ctrl.Controller - Starting initialization...
2019-08-20 11:22:56 [main] DEBUG fr.triedge.pixis.ctrl.Controller - Initialization completed
2019-08-20 11:23:11 [main] DEBUG fr.triedge.pixis.ctrl.Controller - Starting initialization...
2019-08-20 11:23:11 [main] DEBUG fr.triedge.pixis.ctrl.Controller - Initialization completed
2019-08-20 11:24:06 [main] DEBUG fr.triedge.pixis.ctrl.Controller - Starting initialization...
2019-08-20 11:24:06 [main] DEBUG fr.triedge.pixis.ctrl.Controller - Initialization completed
2019-08-20 11:24:07 [main] DEBUG fr.triedge.pixis.ui.MainWindow - Windows built
2019-08-20 11:24:12 [AWT-EventQueue-0] DEBUG fr.triedge.pixis.ctrl.Controller - ACTION CALLED: Quit
2019-08-20 11:24:12 [AWT-EventQueue-0] DEBUG fr.triedge.pixis.ctrl.Controller - ACTION DONE: Quit
2019-08-20 11:26:51 [main] DEBUG fr.triedge.pixis.ctrl.Controller - Starting initialization...
2019-08-20 11:26:51 [main] DEBUG fr.triedge.pixis.ctrl.Controller - Initialization completed
2019-08-20 11:26:52 [main] DEBUG fr.triedge.pixis.ui.MainWindow - Windows built
2019-08-20 11:27:02 [AWT-EventQueue-0] DEBUG fr.triedge.pixis.ctrl.Controller - ACTION CALLED: Quit
2019-08-20 11:27:02 [AWT-EventQueue-0] DEBUG fr.triedge.pixis.ctrl.Controller - ACTION DONE: Quit
2019-08-20 11:29:05 [main] DEBUG fr.triedge.pixis.ctrl.Controller - Starting initialization...
2019-08-20 11:29:05 [main] DEBUG fr.triedge.pixis.ctrl.Controller - Initialization completed
2019-08-20 11:29:05 [main] DEBUG fr.triedge.pixis.ui.MainWindow - Windows built
2019-08-20 11:29:09 [AWT-EventQueue-0] DEBUG fr.triedge.pixis.ctrl.Controller - ACTION CALLED: Quit
2019-08-20 11:29:09 [AWT-EventQueue-0] DEBUG fr.triedge.pixis.ctrl.Controller - ACTION DONE: Quit
2019-08-20 11:34:52 [main] DEBUG fr.triedge.pixis.ctrl.Controller - Starting initialization...
2019-08-20 11:34:52 [main] DEBUG fr.triedge.pixis.ctrl.Controller - Initialization completed
2019-08-20 11:34:52 [main] DEBUG fr.triedge.pixis.ui.MainWindow - Windows built
2019-08-20 11:34:54 [AWT-EventQueue-0] DEBUG fr.triedge.pixis.ctrl.Controller - ACTION CALLED: Quit
2019-08-20 11:34:54 [AWT-EventQueue-0] DEBUG fr.triedge.pixis.ctrl.Controller - ACTION DONE: Quit
2019-08-20 11:36:39 [main] DEBUG fr.triedge.pixis.ctrl.Controller - Starting initialization...
2019-08-20 11:36:39 [main] DEBUG fr.triedge.pixis.ctrl.Controller - Initialization completed
2019-08-20 11:36:39 [main] DEBUG fr.triedge.pixis.ui.MainWindow - Windows built
2019-08-20 11:36:51 [AWT-EventQueue-0] DEBUG fr.triedge.pixis.ctrl.Controller - ACTION CALLED: Quit
2019-08-20 11:36:51 [AWT-EventQueue-0] DEBUG fr.triedge.pixis.ctrl.Controller - ACTION DONE: Quit
2019-08-20 11:39:05 [main] DEBUG fr.triedge.pixis.ctrl.Controller - Starting initialization...
2019-08-20 11:39:05 [main] DEBUG fr.triedge.pixis.ctrl.Controller - Initialization completed
2019-08-20 11:39:05 [main] DEBUG fr.triedge.pixis.ui.MainWindow - Windows built
2019-08-20 11:39:22 [AWT-EventQueue-0] DEBUG fr.triedge.pixis.ctrl.Controller - ACTION CALLED: Quit
2019-08-20 11:39:22 [AWT-EventQueue-0] DEBUG fr.triedge.pixis.ctrl.Controller - ACTION DONE: Quit
2019-08-20 11:41:04 [main] DEBUG fr.triedge.pixis.ctrl.Controller - Starting initialization...
2019-08-20 11:41:04 [main] DEBUG fr.triedge.pixis.ctrl.Controller - Initialization completed
2019-08-20 11:41:04 [main] DEBUG fr.triedge.pixis.ui.MainWindow - Windows built
2019-08-20 11:41:35 [AWT-EventQueue-0] DEBUG fr.triedge.pixis.ctrl.Controller - ACTION CALLED: Quit
2019-08-20 11:41:35 [AWT-EventQueue-0] DEBUG fr.triedge.pixis.ctrl.Controller - ACTION DONE: Quit
2019-08-20 11:43:55 [main] DEBUG fr.triedge.pixis.ctrl.Controller - Starting initialization...
2019-08-20 11:43:55 [main] DEBUG fr.triedge.pixis.ctrl.Controller - Initialization completed
2019-08-20 11:43:55 [main] DEBUG fr.triedge.pixis.ui.MainWindow - Windows built
2019-08-20 11:44:28 [AWT-EventQueue-0] DEBUG fr.triedge.pixis.ctrl.Controller - ACTION CALLED: Quit
2019-08-20 11:44:28 [AWT-EventQueue-0] DEBUG fr.triedge.pixis.ctrl.Controller - ACTION DONE: Quit
2019-08-20 11:49:22 [main] DEBUG fr.triedge.pixis.ctrl.Controller - Starting initialization...
2019-08-20 11:49:22 [main] DEBUG fr.triedge.pixis.ctrl.Controller - Initialization completed
2019-08-20 11:49:22 [main] DEBUG fr.triedge.pixis.ui.MainWindow - Windows built
2019-08-20 11:49:28 [AWT-EventQueue-0] DEBUG fr.triedge.pixis.ctrl.Controller - ACTION CALLED: Quit
2019-08-20 11:49:28 [AWT-EventQueue-0] DEBUG fr.triedge.pixis.ctrl.Controller - ACTION DONE: Quit
2019-08-20 11:50:07 [main] DEBUG fr.triedge.pixis.ctrl.Controller - Starting initialization...
2019-08-20 11:50:07 [main] DEBUG fr.triedge.pixis.ctrl.Controller - Initialization completed
2019-08-20 11:50:07 [main] DEBUG fr.triedge.pixis.ui.MainWindow - Windows built
2019-08-20 11:50:18 [AWT-EventQueue-0] DEBUG fr.triedge.pixis.ctrl.Controller - ACTION CALLED: Quit
2019-08-20 11:50:18 [AWT-EventQueue-0] DEBUG fr.triedge.pixis.ctrl.Controller - ACTION DONE: Quit
2019-08-20 11:53:42 [main] DEBUG fr.triedge.pixis.ctrl.Controller - Starting initialization...
2019-08-20 11:53:42 [main] DEBUG fr.triedge.pixis.ctrl.Controller - Initialization completed
2019-08-20 11:53:42 [main] DEBUG fr.triedge.pixis.ui.MainWindow - Windows built
2019-08-20 11:59:10 [AWT-EventQueue-0] DEBUG fr.triedge.pixis.ctrl.Controller - ACTION CALLED: Quit
2019-08-20 11:59:10 [AWT-EventQueue-0] DEBUG fr.triedge.pixis.ctrl.Controller - ACTION DONE: Quit
2019-08-20 11:59:13 [main] DEBUG fr.triedge.pixis.ctrl.Controller - Starting initialization...
2019-08-20 11:59:13 [main] DEBUG fr.triedge.pixis.ctrl.Controller - Initialization completed
2019-08-20 11:59:13 [main] DEBUG fr.triedge.pixis.ui.MainWindow - Windows built
2019-08-20 12:00:43 [AWT-EventQueue-0] DEBUG fr.triedge.pixis.ctrl.Controller - ACTION CALLED: Quit
2019-08-20 12:00:43 [AWT-EventQueue-0] DEBUG fr.triedge.pixis.ctrl.Controller - ACTION DONE: Quit
2019-08-20 12:00:47 [main] DEBUG fr.triedge.pixis.ctrl.Controller - Starting initialization...
2019-08-20 12:00:47 [main] DEBUG fr.triedge.pixis.ctrl.Controller - Initialization completed
2019-08-20 12:00:48 [main] DEBUG fr.triedge.pixis.ui.MainWindow - Windows built
2019-08-20 12:02:26 [AWT-EventQueue-0] DEBUG fr.triedge.pixis.ctrl.Controller - ACTION CALLED: Quit
2019-08-20 12:02:26 [AWT-EventQueue-0] DEBUG fr.triedge.pixis.ctrl.Controller - ACTION DONE: Quit
2019-08-20 12:10:35 [main] DEBUG fr.triedge.pixis.ctrl.Controller - Starting initialization...
2019-08-20 12:10:35 [main] DEBUG fr.triedge.pixis.ctrl.Controller - Initialization completed
2019-08-20 12:10:35 [main] DEBUG fr.triedge.pixis.ui.MainWindow - Windows built
2019-08-20 12:11:41 [AWT-EventQueue-0] DEBUG fr.triedge.pixis.ctrl.Controller - ACTION CALLED: Quit
2019-08-20 12:11:41 [AWT-EventQueue-0] DEBUG fr.triedge.pixis.ctrl.Controller - ACTION DONE: Quit
2019-08-20 12:18:34 [main] DEBUG fr.triedge.pixis.ctrl.Controller - Starting initialization...
2019-08-20 12:18:34 [main] DEBUG fr.triedge.pixis.ctrl.Controller - Initialization completed
2019-08-20 12:18:34 [main] DEBUG fr.triedge.pixis.ui.MainWindow - Windows built
2019-08-20 12:18:54 [AWT-EventQueue-0] DEBUG fr.triedge.pixis.ctrl.Controller - ACTION CALLED: Quit
2019-08-20 12:18:54 [AWT-EventQueue-0] DEBUG fr.triedge.pixis.ctrl.Controller - ACTION DONE: Quit
2019-08-20 12:20:22 [main] DEBUG fr.triedge.pixis.ctrl.Controller - Starting initialization...
2019-08-20 12:20:22 [main] DEBUG fr.triedge.pixis.ctrl.Controller - Initialization completed
2019-08-20 12:20:23 [main] DEBUG fr.triedge.pixis.ui.MainWindow - Windows built
2019-08-20 12:20:29 [AWT-EventQueue-0] DEBUG fr.triedge.pixis.ctrl.Controller - ACTION CALLED: Quit
2019-08-20 12:20:29 [AWT-EventQueue-0] DEBUG fr.triedge.pixis.ctrl.Controller - ACTION DONE: Quit
2019-08-20 12:20:36 [main] DEBUG fr.triedge.pixis.ctrl.Controller - Starting initialization...
2019-08-20 12:20:36 [main] DEBUG fr.triedge.pixis.ctrl.Controller - Initialization completed
2019-08-20 12:20:36 [main] DEBUG fr.triedge.pixis.ui.MainWindow - Windows built
2019-08-20 12:20:40 [AWT-EventQueue-0] DEBUG fr.triedge.pixis.ctrl.Controller - ACTION CALLED: Quit
2019-08-20 12:20:40 [AWT-EventQueue-0] DEBUG fr.triedge.pixis.ctrl.Controller - ACTION DONE: Quit
2019-08-20 12:21:20 [main] DEBUG fr.triedge.pixis.ctrl.Controller - Starting initialization...
2019-08-20 12:21:20 [main] DEBUG fr.triedge.pixis.ctrl.Controller - Initialization completed
2019-08-20 12:21:20 [main] DEBUG fr.triedge.pixis.ui.MainWindow - Windows built
2019-08-20 12:21:45 [AWT-EventQueue-0] DEBUG fr.triedge.pixis.ctrl.Controller - ACTION CALLED: Quit
2019-08-20 12:21:45 [AWT-EventQueue-0] DEBUG fr.triedge.pixis.ctrl.Controller - ACTION DONE: Quit
2019-08-20 12:23:57 [main] DEBUG fr.triedge.pixis.ctrl.Controller - Starting initialization...
2019-08-20 12:23:57 [main] DEBUG fr.triedge.pixis.ctrl.Controller - Initialization completed
2019-08-20 12:23:57 [main] DEBUG fr.triedge.pixis.ui.MainWindow - Windows built
2019-08-20 13:46:31 [AWT-EventQueue-0] DEBUG fr.triedge.pixis.ctrl.Controller - ACTION CALLED: Quit
2019-08-20 13:46:31 [AWT-EventQueue-0] DEBUG fr.triedge.pixis.ctrl.Controller - ACTION DONE: Quit
2019-08-20 14:15:15 [main] DEBUG fr.triedge.pixis.ctrl.Controller - Starting initialization...
2019-08-20 14:15:15 [main] DEBUG fr.triedge.pixis.ctrl.Controller - Initialization completed
2019-08-20 14:15:15 [main] DEBUG fr.triedge.pixis.ui.MainWindow - Windows built
2019-08-20 14:15:31 [AWT-EventQueue-0] DEBUG fr.triedge.pixis.ctrl.Controller - ACTION CALLED: New Project
2019-08-20 14:15:36 [AWT-EventQueue-0] DEBUG fr.triedge.pixis.ctrl.Controller - Project created: Triedge_game.prj
2019-08-20 14:15:36 [AWT-EventQueue-0] DEBUG fr.triedge.pixis.ctrl.Controller - ACTION DONE: New Project
2019-08-20 14:16:22 [AWT-EventQueue-0] DEBUG fr.triedge.pixis.ctrl.Controller - ACTION CALLED: New Project
2019-08-20 14:16:27 [AWT-EventQueue-0] DEBUG fr.triedge.pixis.ctrl.Controller - Project created: Gamu.prj
2019-08-20 14:16:27 [AWT-EventQueue-0] DEBUG fr.triedge.pixis.ctrl.Controller - ACTION DONE: New Project
2019-08-20 14:20:56 [AWT-EventQueue-0] DEBUG fr.triedge.pixis.ctrl.Controller - ACTION CALLED: Quit
2019-08-20 14:20:56 [AWT-EventQueue-0] DEBUG fr.triedge.pixis.ctrl.Controller - ACTION DONE: Quit
2019-08-20 14:21:48 [main] DEBUG fr.triedge.pixis.ctrl.Controller - Starting initialization...
2019-08-20 14:21:48 [main] DEBUG fr.triedge.pixis.ctrl.Controller - Initialization completed
2019-08-20 14:21:49 [main] DEBUG fr.triedge.pixis.ui.MainWindow - Windows built
2019-08-20 14:21:53 [AWT-EventQueue-0] DEBUG fr.triedge.pixis.ctrl.Controller - ACTION CALLED: New Project
2019-08-20 14:21:57 [AWT-EventQueue-0] DEBUG fr.triedge.pixis.ctrl.Controller - Project created: prj1.prj
2019-08-20 14:21:57 [AWT-EventQueue-0] DEBUG fr.triedge.pixis.ctrl.Controller - ACTION DONE: New Project
2019-08-20 14:22:04 [AWT-EventQueue-0] DEBUG fr.triedge.pixis.ctrl.Controller - ACTION CALLED: New Project
2019-08-20 14:22:06 [AWT-EventQueue-0] DEBUG fr.triedge.pixis.ctrl.Controller - Project created: prj2.prj
2019-08-20 14:22:06 [AWT-EventQueue-0] DEBUG fr.triedge.pixis.ctrl.Controller - ACTION DONE: New Project
2019-08-20 14:23:27 [AWT-EventQueue-0] DEBUG fr.triedge.pixis.ctrl.Controller - ACTION CALLED: Quit
2019-08-20 14:23:27 [AWT-EventQueue-0] DEBUG fr.triedge.pixis.ctrl.Controller - ACTION DONE: Quit
2019-08-20 14:23:30 [main] DEBUG fr.triedge.pixis.ctrl.Controller - Starting initialization...
2019-08-20 14:23:30 [main] DEBUG fr.triedge.pixis.ctrl.Controller - Initialization completed
2019-08-20 14:23:31 [main] DEBUG fr.triedge.pixis.ui.MainWindow - Windows built
2019-08-20 14:23:33 [AWT-EventQueue-0] DEBUG fr.triedge.pixis.ctrl.Controller - ACTION CALLED: New Project
2019-08-20 14:23:36 [AWT-EventQueue-0] DEBUG fr.triedge.pixis.ctrl.Controller - Project created: truc.prj
2019-08-20 14:23:36 [AWT-EventQueue-0] DEBUG fr.triedge.pixis.ctrl.Controller - ACTION DONE: New Project
2019-08-20 14:24:08 [AWT-EventQueue-0] DEBUG fr.triedge.pixis.ctrl.Controller - ACTION CALLED: Quit
2019-08-20 14:24:08 [AWT-EventQueue-0] DEBUG fr.triedge.pixis.ctrl.Controller - ACTION DONE: Quit
2019-08-20 14:24:45 [main] DEBUG fr.triedge.pixis.ctrl.Controller - Starting initialization...
2019-08-20 14:24:45 [main] DEBUG fr.triedge.pixis.ctrl.Controller - Initialization completed
2019-08-20 14:24:45 [main] DEBUG fr.triedge.pixis.ui.MainWindow - Windows built
2019-08-20 14:24:47 [AWT-EventQueue-0] DEBUG fr.triedge.pixis.ctrl.Controller - ACTION CALLED: New Project
2019-08-20 14:24:50 [AWT-EventQueue-0] DEBUG fr.triedge.pixis.ctrl.Controller - Project created: pro.prj
2019-08-20 14:24:50 [AWT-EventQueue-0] DEBUG fr.triedge.pixis.ctrl.Controller - ACTION DONE: New Project
2019-08-20 14:24:53 [AWT-EventQueue-0] DEBUG fr.triedge.pixis.ctrl.Controller - ACTION CALLED: New Project
2019-08-20 14:24:56 [AWT-EventQueue-0] DEBUG fr.triedge.pixis.ctrl.Controller - Project created: aaa.prj
2019-08-20 14:24:56 [AWT-EventQueue-0] DEBUG fr.triedge.pixis.ctrl.Controller - ACTION DONE: New Project
2019-08-20 14:25:03 [AWT-EventQueue-0] DEBUG fr.triedge.pixis.ctrl.Controller - ACTION CALLED: Quit
2019-08-20 14:25:03 [AWT-EventQueue-0] DEBUG fr.triedge.pixis.ctrl.Controller - ACTION DONE: Quit
2019-08-20 14:28:02 [main] DEBUG fr.triedge.pixis.ctrl.Controller - Starting initialization...
2019-08-20 14:28:02 [main] DEBUG fr.triedge.pixis.ctrl.Controller - Initialization completed
2019-08-20 14:28:02 [main] DEBUG fr.triedge.pixis.ui.MainWindow - Windows built
2019-08-20 14:28:06 [AWT-EventQueue-0] DEBUG fr.triedge.pixis.ctrl.Controller - ACTION CALLED: New Project
2019-08-20 14:28:09 [AWT-EventQueue-0] DEBUG fr.triedge.pixis.ctrl.Controller - Project created: prkj.prj
2019-08-20 14:28:09 [AWT-EventQueue-0] DEBUG fr.triedge.pixis.ctrl.Controller - ACTION DONE: New Project
2019-08-20 14:28:11 [AWT-EventQueue-0] DEBUG fr.triedge.pixis.ctrl.Controller - ACTION CALLED: New Project
2019-08-20 14:28:13 [AWT-EventQueue-0] DEBUG fr.triedge.pixis.ctrl.Controller - Project created: aaaa.prj
2019-08-20 14:28:13 [AWT-EventQueue-0] DEBUG fr.triedge.pixis.ctrl.Controller - ACTION DONE: New Project
2019-08-20 14:28:24 [AWT-EventQueue-0] DEBUG fr.triedge.pixis.ctrl.Controller - ACTION CALLED: Quit
2019-08-20 14:28:24 [AWT-EventQueue-0] DEBUG fr.triedge.pixis.ctrl.Controller - ACTION DONE: Quit
2019-08-20 14:29:43 [main] DEBUG fr.triedge.pixis.ctrl.Controller - Starting initialization...
2019-08-20 14:29:43 [main] DEBUG fr.triedge.pixis.ctrl.Controller - Initialization completed
2019-08-20 14:29:43 [main] DEBUG fr.triedge.pixis.ui.MainWindow - Windows built
2019-08-20 14:29:45 [AWT-EventQueue-0] DEBUG fr.triedge.pixis.ctrl.Controller - ACTION CALLED: New Project
2019-08-20 14:29:48 [AWT-EventQueue-0] WARN  fr.triedge.pixis.ctrl.Controller - Project is null
2019-08-20 14:29:48 [AWT-EventQueue-0] DEBUG fr.triedge.pixis.ctrl.Controller - ACTION DONE: New Project
2019-08-20 14:29:49 [AWT-EventQueue-0] DEBUG fr.triedge.pixis.ctrl.Controller - ACTION CALLED: Quit
2019-08-20 14:29:49 [AWT-EventQueue-0] DEBUG fr.triedge.pixis.ctrl.Controller - ACTION DONE: Quit
2019-08-20 14:30:09 [main] DEBUG fr.triedge.pixis.ctrl.Controller - Starting initialization...
2019-08-20 14:30:09 [main] DEBUG fr.triedge.pixis.ctrl.Controller - Initialization completed
2019-08-20 14:30:09 [main] DEBUG fr.triedge.pixis.ui.MainWindow - Windows built
2019-08-20 14:30:11 [AWT-EventQueue-0] DEBUG fr.triedge.pixis.ctrl.Controller - ACTION CALLED: New Project
2019-08-20 14:30:13 [AWT-EventQueue-0] WARN  fr.triedge.pixis.ctrl.Controller - Project is null
2019-08-20 14:30:13 [AWT-EventQueue-0] DEBUG fr.triedge.pixis.ctrl.Controller - ACTION DONE: New Project
2019-08-20 14:30:13 [AWT-EventQueue-0] DEBUG fr.triedge.pixis.ctrl.Controller - ACTION CALLED: Quit
2019-08-20 14:30:13 [AWT-EventQueue-0] DEBUG fr.triedge.pixis.ctrl.Controller - ACTION DONE: Quit
2019-08-20 14:30:59 [main] DEBUG fr.triedge.pixis.ctrl.Controller - Starting initialization...
2019-08-20 14:30:59 [main] DEBUG fr.triedge.pixis.ctrl.Controller - Initialization completed
2019-08-20 14:30:59 [main] DEBUG fr.triedge.pixis.ui.MainWindow - Windows built
2019-08-20 14:31:01 [AWT-EventQueue-0] DEBUG fr.triedge.pixis.ctrl.Controller - ACTION CALLED: New Project
2019-08-20 14:31:08 [AWT-EventQueue-0] WARN  fr.triedge.pixis.ctrl.Controller - Project is null
2019-08-20 14:31:08 [AWT-EventQueue-0] DEBUG fr.triedge.pixis.ctrl.Controller - ACTION DONE: New Project
2019-08-20 14:31:09 [AWT-EventQueue-0] DEBUG fr.triedge.pixis.ctrl.Controller - ACTION CALLED: Quit
2019-08-20 14:31:09 [AWT-EventQueue-0] DEBUG fr.triedge.pixis.ctrl.Controller - ACTION DONE: Quit
2019-08-20 14:35:56 [main] DEBUG fr.triedge.pixis.ctrl.Controller - Starting initialization...
2019-08-20 14:35:56 [main] DEBUG fr.triedge.pixis.ctrl.Controller - Initialization completed
2019-08-20 14:35:56 [main] DEBUG fr.triedge.pixis.ui.MainWindow - Windows built
2019-08-20 14:36:09 [AWT-EventQueue-0] DEBUG fr.triedge.pixis.ctrl.Controller - ACTION CALLED: Quit
2019-08-20 14:36:09 [AWT-EventQueue-0] DEBUG fr.triedge.pixis.ctrl.Controller - ACTION DONE: Quit
2019-08-20 14:43:37 [main] DEBUG fr.triedge.pixis.ctrl.Controller - Starting initialization...
2019-08-20 14:43:37 [main] DEBUG fr.triedge.pixis.ctrl.Controller - Initialization completed
2019-08-20 14:43:37 [main] DEBUG fr.triedge.pixis.ui.MainWindow - Windows built
2019-08-20 14:43:45 [AWT-EventQueue-0] DEBUG fr.triedge.pixis.ctrl.Controller - ACTION CALLED: New Project
2019-08-20 14:43:47 [AWT-EventQueue-0] DEBUG fr.triedge.pixis.ctrl.Controller - Project created: truc.prj
2019-08-20 14:43:47 [AWT-EventQueue-0] DEBUG fr.triedge.pixis.ctrl.Controller - ACTION DONE: New Project
2019-08-20 14:50:15 [AWT-EventQueue-0] DEBUG fr.triedge.pixis.ctrl.Controller - ACTION CALLED: Quit
2019-08-20 14:50:15 [AWT-EventQueue-0] DEBUG fr.triedge.pixis.ctrl.Controller - ACTION DONE: Quit
2019-08-20 15:00:13 [main] DEBUG fr.triedge.pixis.ctrl.Controller - Starting initialization...
2019-08-20 15:00:13 [main] DEBUG fr.triedge.pixis.ctrl.Controller - Initialization completed
2019-08-20 15:00:13 [main] DEBUG fr.triedge.pixis.ui.MainWindow - Windows built
2019-08-20 15:00:16 [AWT-EventQueue-0] DEBUG fr.triedge.pixis.ctrl.Controller - ACTION CALLED: New Project
2019-08-20 15:00:22 [AWT-EventQueue-0] DEBUG fr.triedge.pixis.ctrl.Controller - Project created: project.prj
2019-08-20 15:00:22 [AWT-EventQueue-0] DEBUG fr.triedge.pixis.ctrl.Controller - ACTION DONE: New Project
2019-08-20 15:00:46 [AWT-EventQueue-0] DEBUG fr.triedge.pixis.ctrl.Controller - ACTION CALLED: Quit
2019-08-20 15:00:46 [AWT-EventQueue-0] DEBUG fr.triedge.pixis.ctrl.Controller - ACTION DONE: Quit
2019-08-20 15:07:44 [main] DEBUG fr.triedge.pixis.ctrl.Controller - Starting initialization...
2019-08-20 15:07:44 [main] DEBUG fr.triedge.pixis.ctrl.Controller - Initialization completed
2019-08-20 15:07:44 [main] DEBUG fr.triedge.pixis.ui.MainWindow - Windows built
2019-08-20 15:07:46 [AWT-EventQueue-0] DEBUG fr.triedge.pixis.ctrl.Controller - ACTION CALLED: New Project
2019-08-20 15:07:50 [AWT-EventQueue-0] DEBUG fr.triedge.pixis.ctrl.Controller - Project created: triedge.prj
2019-08-20 15:07:50 [AWT-EventQueue-0] DEBUG fr.triedge.pixis.ctrl.Controller - ACTION DONE: New Project
2019-08-20 15:07:54 [AWT-EventQueue-0] DEBUG fr.triedge.pixis.ctrl.Controller - ACTION CALLED: New Sprite
2019-08-20 15:08:00 [AWT-EventQueue-0] DEBUG fr.triedge.pixis.ctrl.Controller - sprite created: perso1.sp
2019-08-20 15:08:00 [AWT-EventQueue-0] DEBUG fr.triedge.pixis.ctrl.Controller - ACTION DONE: New Sprite
2019-08-20 15:08:44 [AWT-EventQueue-0] DEBUG fr.triedge.pixis.ctrl.Controller - ACTION CALLED: Quit
2019-08-20 15:08:44 [AWT-EventQueue-0] DEBUG fr.triedge.pixis.ctrl.Controller - ACTION DONE: Quit
2019-08-20 15:27:14 [main] DEBUG fr.triedge.pixis.ctrl.Controller - Starting initialization...
2019-08-20 15:27:14 [main] DEBUG fr.triedge.pixis.ctrl.Controller - Initialization completed
2019-08-20 15:27:14 [main] DEBUG fr.triedge.pixis.ui.MainWindow - Windows built
2019-08-20 15:27:16 [AWT-EventQueue-0] DEBUG fr.triedge.pixis.ctrl.Controller - ACTION CALLED: New Project
2019-08-20 15:27:19 [AWT-EventQueue-0] DEBUG fr.triedge.pixis.ctrl.Controller - Project created: truc.prj
2019-08-20 15:27:19 [AWT-EventQueue-0] DEBUG fr.triedge.pixis.ctrl.Controller - ACTION DONE: New Project
2019-08-20 15:27:23 [AWT-EventQueue-0] DEBUG fr.triedge.pixis.ctrl.Controller - ACTION CALLED: New Sprite
2019-08-20 15:27:27 [AWT-EventQueue-0] DEBUG fr.triedge.pixis.ctrl.Controller - sprite created: sprite1.sp
2019-08-20 15:27:27 [AWT-EventQueue-0] DEBUG fr.triedge.pixis.ctrl.Controller - ACTION DONE: New Sprite
2019-08-20 15:27:33 [AWT-EventQueue-0] DEBUG fr.triedge.pixis.ctrl.Controller - ACTION CALLED: New Sprite
2019-08-20 15:27:38 [AWT-EventQueue-0] DEBUG fr.triedge.pixis.ctrl.Controller - sprite created: sprite0.sp
2019-08-20 15:27:38 [AWT-EventQueue-0] DEBUG fr.triedge.pixis.ctrl.Controller - ACTION DONE: New Sprite
2019-08-20 15:27:58 [AWT-EventQueue-0] DEBUG fr.triedge.pixis.ctrl.Controller - ACTION CALLED: New Sprite
2019-08-20 15:28:01 [AWT-EventQueue-0] DEBUG fr.triedge.pixis.ctrl.Controller - sprite created: aaa.sp
2019-08-20 15:28:01 [AWT-EventQueue-0] DEBUG fr.triedge.pixis.ctrl.Controller - ACTION DONE: New Sprite
2019-08-20 15:28:06 [AWT-EventQueue-0] DEBUG fr.triedge.pixis.ctrl.Controller - ACTION CALLED: New Sprite
2019-08-20 15:28:09 [AWT-EventQueue-0] DEBUG fr.triedge.pixis.ctrl.Controller - sprite created: bbbb.sp
2019-08-20 15:28:09 [AWT-EventQueue-0] DEBUG fr.triedge.pixis.ctrl.Controller - ACTION DONE: New Sprite
2019-08-20 15:28:43 [AWT-EventQueue-0] DEBUG fr.triedge.pixis.ctrl.Controller - ACTION CALLED: Quit
2019-08-20 15:28:43 [AWT-EventQueue-0] DEBUG fr.triedge.pixis.ctrl.Controller - ACTION DONE: Quit
2019-08-20 15:28:46 [main] DEBUG fr.triedge.pixis.ctrl.Controller - Starting initialization...
2019-08-20 15:28:46 [main] DEBUG fr.triedge.pixis.ctrl.Controller - Initialization completed
2019-08-20 15:28:46 [main] DEBUG fr.triedge.pixis.ui.MainWindow - Windows built
2019-08-20 15:28:47 [AWT-EventQueue-0] DEBUG fr.triedge.pixis.ctrl.Controller - ACTION CALLED: New Project
2019-08-20 15:28:50 [AWT-EventQueue-0] DEBUG fr.triedge.pixis.ctrl.Controller - Project created: pro.prj
2019-08-20 15:28:50 [AWT-EventQueue-0] DEBUG fr.triedge.pixis.ctrl.Controller - ACTION DONE: New Project
2019-08-20 15:28:54 [AWT-EventQueue-0] DEBUG fr.triedge.pixis.ctrl.Controller - ACTION CALLED: New Sprite
2019-08-20 15:28:56 [AWT-EventQueue-0] DEBUG fr.triedge.pixis.ctrl.Controller - sprite created: bbbb.sp
2019-08-20 15:28:56 [AWT-EventQueue-0] DEBUG fr.triedge.pixis.ctrl.Controller - ACTION DONE: New Sprite
2019-08-20 15:28:59 [AWT-EventQueue-0] DEBUG fr.triedge.pixis.ctrl.Controller - ACTION CALLED: New Sprite
2019-08-20 15:29:01 [AWT-EventQueue-0] DEBUG fr.triedge.pixis.ctrl.Controller - sprite created: aa.sp
2019-08-20 15:29:01 [AWT-EventQueue-0] DEBUG fr.triedge.pixis.ctrl.Controller - ACTION DONE: New Sprite
2019-08-20 15:29:03 [AWT-EventQueue-0] DEBUG fr.triedge.pixis.ctrl.Controller - ACTION CALLED: New Sprite
2019-08-20 15:29:05 [AWT-EventQueue-0] DEBUG fr.triedge.pixis.ctrl.Controller - sprite created: ccc.sp
2019-08-20 15:29:05 [AWT-EventQueue-0] DEBUG fr.triedge.pixis.ctrl.Controller - ACTION DONE: New Sprite
2019-08-20 15:29:28 [AWT-EventQueue-0] DEBUG fr.triedge.pixis.ctrl.Controller - ACTION CALLED: Quit
2019-08-20 15:29:28 [AWT-EventQueue-0] DEBUG fr.triedge.pixis.ctrl.Controller - ACTION DONE: Quit
2019-08-20 15:39:49 [main] DEBUG fr.triedge.pixis.ctrl.Controller - Starting initialization...
2019-08-20 15:39:49 [main] DEBUG fr.triedge.pixis.ctrl.Controller - Initialization completed
2019-08-20 15:39:49 [main] DEBUG fr.triedge.pixis.ui.MainWindow - Windows built
2019-08-20 15:39:51 [AWT-EventQueue-0] DEBUG fr.triedge.pixis.ctrl.Controller - ACTION CALLED: New Project
2019-08-20 15:39:54 [AWT-EventQueue-0] DEBUG fr.triedge.pixis.ctrl.Controller - Project created: project.prj
2019-08-20 15:39:54 [AWT-EventQueue-0] DEBUG fr.triedge.pixis.ctrl.Controller - ACTION DONE: New Project
2019-08-20 15:39:55 [AWT-EventQueue-0] DEBUG fr.triedge.pixis.ctrl.Controller - ACTION CALLED: New Sprite
2019-08-20 15:42:35 [AWT-EventQueue-0] DEBUG fr.triedge.pixis.ctrl.Controller - ACTION CALLED: Quit
2019-08-20 15:42:35 [AWT-EventQueue-0] DEBUG fr.triedge.pixis.ctrl.Controller - ACTION DONE: Quit
2019-08-20 15:42:47 [main] DEBUG fr.triedge.pixis.ctrl.Controller - Starting initialization...
2019-08-20 15:42:47 [main] DEBUG fr.triedge.pixis.ctrl.Controller - Initialization completed
2019-08-20 15:42:47 [main] DEBUG fr.triedge.pixis.ui.MainWindow - Windows built
2019-08-20 15:42:49 [AWT-EventQueue-0] DEBUG fr.triedge.pixis.ctrl.Controller - ACTION CALLED: New Project
2019-08-20 15:42:53 [AWT-EventQueue-0] DEBUG fr.triedge.pixis.ctrl.Controller - Project created: prj.prj
2019-08-20 15:42:53 [AWT-EventQueue-0] DEBUG fr.triedge.pixis.ctrl.Controller - ACTION DONE: New Project
2019-08-20 15:42:55 [AWT-EventQueue-0] DEBUG fr.triedge.pixis.ctrl.Controller - ACTION CALLED: New Sprite
2019-08-20 15:43:50 [AWT-EventQueue-0] DEBUG fr.triedge.pixis.ctrl.Controller - sprite created: name.sp
2019-08-20 15:43:50 [AWT-EventQueue-0] DEBUG fr.triedge.pixis.ctrl.Controller - ACTION DONE: New Sprite
2019-08-20 15:43:59 [AWT-EventQueue-0] DEBUG fr.triedge.pixis.ctrl.Controller - ACTION CALLED: Quit
2019-08-20 15:43:59 [AWT-EventQueue-0] DEBUG fr.triedge.pixis.ctrl.Controller - ACTION DONE: Quit
2019-08-20 15:49:50 [main] DEBUG fr.triedge.pixis.ctrl.Controller - Starting initialization...
2019-08-20 15:49:50 [main] DEBUG fr.triedge.pixis.ctrl.Controller - Initialization completed
2019-08-20 15:49:51 [main] DEBUG fr.triedge.pixis.ui.MainWindow - Windows built
2019-08-20 15:51:56 [main] DEBUG fr.triedge.pixis.ctrl.Controller - Starting initialization...
2019-08-20 15:51:56 [main] DEBUG fr.triedge.pixis.ctrl.Controller - Initialization completed
2019-08-20 15:51:56 [main] DEBUG fr.triedge.pixis.ui.MainWindow - Windows built
2019-08-20 15:52:26 [AWT-EventQueue-0] DEBUG fr.triedge.pixis.ctrl.Controller - ACTION CALLED: New Project
2019-08-20 15:52:29 [AWT-EventQueue-0] ERROR fr.triedge.pixis.ctrl.Controller - Cannot save project project1.prj
javax.xml.bind.JAXBException: null
	at javax.xml.bind.helpers.AbstractMarshallerImpl.marshal(AbstractMarshallerImpl.java:108) ~[?:1.8.0_121]
	at fr.triedge.pixis.utils.XmlHelper.storeXml(XmlHelper.java:29) ~[bin/:?]
	at fr.triedge.pixis.utils.Storage.storeProject(Storage.java:12) ~[bin/:?]
	at fr.triedge.pixis.utils.Storage.storeProjectToDefault(Storage.java:16) ~[bin/:?]
	at fr.triedge.pixis.model.Project.save(Project.java:23) ~[bin/:?]
	at fr.triedge.pixis.ctrl.Controller.actionNewProject(Controller.java:70) ~[bin/:?]
	at fr.triedge.pixis.ui.MainWindow.lambda$2(MainWindow.java:103) ~[bin/:?]
	at javax.swing.AbstractButton.fireActionPerformed(AbstractButton.java:2022) [?:1.8.0_121]
	at javax.swing.AbstractButton$Handler.actionPerformed(AbstractButton.java:2348) [?:1.8.0_121]
	at javax.swing.DefaultButtonModel.fireActionPerformed(DefaultButtonModel.java:402) [?:1.8.0_121]
	at javax.swing.DefaultButtonModel.setPressed(DefaultButtonModel.java:259) [?:1.8.0_121]
	at javax.swing.AbstractButton.doClick(AbstractButton.java:376) [?:1.8.0_121]
	at javax.swing.plaf.basic.BasicMenuItemUI.doClick(BasicMenuItemUI.java:833) [?:1.8.0_121]
	at javax.swing.plaf.basic.BasicMenuItemUI$Handler.mouseReleased(BasicMenuItemUI.java:877) [?:1.8.0_121]
	at java.awt.Component.processMouseEvent(Component.java:6533) [?:1.8.0_121]
	at javax.swing.JComponent.processMouseEvent(JComponent.java:3324) [?:1.8.0_121]
	at java.awt.Component.processEvent(Component.java:6298) [?:1.8.0_121]
	at java.awt.Container.processEvent(Container.java:2236) [?:1.8.0_121]
	at java.awt.Component.dispatchEventImpl(Component.java:4889) [?:1.8.0_121]
	at java.awt.Container.dispatchEventImpl(Container.java:2294) [?:1.8.0_121]
	at java.awt.Component.dispatchEvent(Component.java:4711) [?:1.8.0_121]
	at java.awt.LightweightDispatcher.retargetMouseEvent(Container.java:4888) [?:1.8.0_121]
	at java.awt.LightweightDispatcher.processMouseEvent(Container.java:4525) [?:1.8.0_121]
	at java.awt.LightweightDispatcher.dispatchEvent(Container.java:4466) [?:1.8.0_121]
	at java.awt.Container.dispatchEventImpl(Container.java:2280) [?:1.8.0_121]
	at java.awt.Window.dispatchEventImpl(Window.java:2746) [?:1.8.0_121]
	at java.awt.Component.dispatchEvent(Component.java:4711) [?:1.8.0_121]
	at java.awt.EventQueue.dispatchEventImpl(EventQueue.java:758) [?:1.8.0_121]
	at java.awt.EventQueue.access$500(EventQueue.java:97) [?:1.8.0_121]
	at java.awt.EventQueue$3.run(EventQueue.java:709) [?:1.8.0_121]
	at java.awt.EventQueue$3.run(EventQueue.java:703) [?:1.8.0_121]
	at java.security.AccessController.doPrivileged(Native Method) ~[?:1.8.0_121]
	at java.security.ProtectionDomain$JavaSecurityAccessImpl.doIntersectionPrivilege(ProtectionDomain.java:80) [?:1.8.0_121]
	at java.security.ProtectionDomain$JavaSecurityAccessImpl.doIntersectionPrivilege(ProtectionDomain.java:90) [?:1.8.0_121]
	at java.awt.EventQueue$4.run(EventQueue.java:731) [?:1.8.0_121]
	at java.awt.EventQueue$4.run(EventQueue.java:729) [?:1.8.0_121]
	at java.security.AccessController.doPrivileged(Native Method) ~[?:1.8.0_121]
	at java.security.ProtectionDomain$JavaSecurityAccessImpl.doIntersectionPrivilege(ProtectionDomain.java:80) [?:1.8.0_121]
	at java.awt.EventQueue.dispatchEvent(EventQueue.java:728) [?:1.8.0_121]
	at java.awt.EventDispatchThread.pumpOneEventForFilters(EventDispatchThread.java:201) [?:1.8.0_121]
	at java.awt.EventDispatchThread.pumpEventsForFilter(EventDispatchThread.java:116) [?:1.8.0_121]
	at java.awt.EventDispatchThread.pumpEventsForHierarchy(EventDispatchThread.java:105) [?:1.8.0_121]
	at java.awt.EventDispatchThread.pumpEvents(EventDispatchThread.java:101) [?:1.8.0_121]
	at java.awt.EventDispatchThread.pumpEvents(EventDispatchThread.java:93) [?:1.8.0_121]
	at java.awt.EventDispatchThread.run(EventDispatchThread.java:82) [?:1.8.0_121]
Caused by: java.io.FileNotFoundException: projects (Access is denied)
	at java.io.FileOutputStream.open0(Native Method) ~[?:1.8.0_121]
	at java.io.FileOutputStream.open(FileOutputStream.java:270) ~[?:1.8.0_121]
	at java.io.FileOutputStream.<init>(FileOutputStream.java:213) ~[?:1.8.0_121]
	at java.io.FileOutputStream.<init>(FileOutputStream.java:162) ~[?:1.8.0_121]
	at javax.xml.bind.helpers.AbstractMarshallerImpl.marshal(AbstractMarshallerImpl.java:101) ~[?:1.8.0_121]
	... 44 more
2019-08-20 15:52:29 [AWT-EventQueue-0] DEBUG fr.triedge.pixis.ctrl.Controller - Project created: project1.prj
2019-08-20 15:52:29 [AWT-EventQueue-0] DEBUG fr.triedge.pixis.ctrl.Controller - ACTION DONE: New Project
2019-08-20 15:52:32 [AWT-EventQueue-0] DEBUG fr.triedge.pixis.ctrl.Controller - ACTION CALLED: New Sprite
2019-08-20 15:52:34 [AWT-EventQueue-0] ERROR fr.triedge.pixis.ctrl.Controller - Cannot save project project1.prj
javax.xml.bind.JAXBException: null
	at javax.xml.bind.helpers.AbstractMarshallerImpl.marshal(AbstractMarshallerImpl.java:108) ~[?:1.8.0_121]
	at fr.triedge.pixis.utils.XmlHelper.storeXml(XmlHelper.java:29) ~[bin/:?]
	at fr.triedge.pixis.utils.Storage.storeProject(Storage.java:12) ~[bin/:?]
	at fr.triedge.pixis.utils.Storage.storeProjectToDefault(Storage.java:16) ~[bin/:?]
	at fr.triedge.pixis.model.Project.save(Project.java:23) ~[bin/:?]
	at fr.triedge.pixis.ctrl.Controller.actionNewSprite(Controller.java:100) ~[bin/:?]
	at fr.triedge.pixis.ui.MainWindow.lambda$3(MainWindow.java:108) ~[bin/:?]
	at javax.swing.AbstractButton.fireActionPerformed(AbstractButton.java:2022) [?:1.8.0_121]
	at javax.swing.AbstractButton$Handler.actionPerformed(AbstractButton.java:2348) [?:1.8.0_121]
	at javax.swing.DefaultButtonModel.fireActionPerformed(DefaultButtonModel.java:402) [?:1.8.0_121]
	at javax.swing.DefaultButtonModel.setPressed(DefaultButtonModel.java:259) [?:1.8.0_121]
	at javax.swing.AbstractButton.doClick(AbstractButton.java:376) [?:1.8.0_121]
	at javax.swing.plaf.basic.BasicMenuItemUI.doClick(BasicMenuItemUI.java:833) [?:1.8.0_121]
	at javax.swing.plaf.basic.BasicMenuItemUI$Handler.mouseReleased(BasicMenuItemUI.java:877) [?:1.8.0_121]
	at java.awt.Component.processMouseEvent(Component.java:6533) [?:1.8.0_121]
	at javax.swing.JComponent.processMouseEvent(JComponent.java:3324) [?:1.8.0_121]
	at java.awt.Component.processEvent(Component.java:6298) [?:1.8.0_121]
	at java.awt.Container.processEvent(Container.java:2236) [?:1.8.0_121]
	at java.awt.Component.dispatchEventImpl(Component.java:4889) [?:1.8.0_121]
	at java.awt.Container.dispatchEventImpl(Container.java:2294) [?:1.8.0_121]
	at java.awt.Component.dispatchEvent(Component.java:4711) [?:1.8.0_121]
	at java.awt.LightweightDispatcher.retargetMouseEvent(Container.java:4888) [?:1.8.0_121]
	at java.awt.LightweightDispatcher.processMouseEvent(Container.java:4525) [?:1.8.0_121]
	at java.awt.LightweightDispatcher.dispatchEvent(Container.java:4466) [?:1.8.0_121]
	at java.awt.Container.dispatchEventImpl(Container.java:2280) [?:1.8.0_121]
	at java.awt.Window.dispatchEventImpl(Window.java:2746) [?:1.8.0_121]
	at java.awt.Component.dispatchEvent(Component.java:4711) [?:1.8.0_121]
	at java.awt.EventQueue.dispatchEventImpl(EventQueue.java:758) [?:1.8.0_121]
	at java.awt.EventQueue.access$500(EventQueue.java:97) [?:1.8.0_121]
	at java.awt.EventQueue$3.run(EventQueue.java:709) [?:1.8.0_121]
	at java.awt.EventQueue$3.run(EventQueue.java:703) [?:1.8.0_121]
	at java.security.AccessController.doPrivileged(Native Method) ~[?:1.8.0_121]
	at java.security.ProtectionDomain$JavaSecurityAccessImpl.doIntersectionPrivilege(ProtectionDomain.java:80) [?:1.8.0_121]
	at java.security.ProtectionDomain$JavaSecurityAccessImpl.doIntersectionPrivilege(ProtectionDomain.java:90) [?:1.8.0_121]
	at java.awt.EventQueue$4.run(EventQueue.java:731) [?:1.8.0_121]
	at java.awt.EventQueue$4.run(EventQueue.java:729) [?:1.8.0_121]
	at java.security.AccessController.doPrivileged(Native Method) ~[?:1.8.0_121]
	at java.security.ProtectionDomain$JavaSecurityAccessImpl.doIntersectionPrivilege(ProtectionDomain.java:80) [?:1.8.0_121]
	at java.awt.EventQueue.dispatchEvent(EventQueue.java:728) [?:1.8.0_121]
	at java.awt.EventDispatchThread.pumpOneEventForFilters(EventDispatchThread.java:201) [?:1.8.0_121]
	at java.awt.EventDispatchThread.pumpEventsForFilter(EventDispatchThread.java:116) [?:1.8.0_121]
	at java.awt.EventDispatchThread.pumpEventsForHierarchy(EventDispatchThread.java:105) [?:1.8.0_121]
	at java.awt.EventDispatchThread.pumpEvents(EventDispatchThread.java:101) [?:1.8.0_121]
	at java.awt.EventDispatchThread.pumpEvents(EventDispatchThread.java:93) [?:1.8.0_121]
	at java.awt.EventDispatchThread.run(EventDispatchThread.java:82) [?:1.8.0_121]
Caused by: java.io.FileNotFoundException: projects (Access is denied)
	at java.io.FileOutputStream.open0(Native Method) ~[?:1.8.0_121]
	at java.io.FileOutputStream.open(FileOutputStream.java:270) ~[?:1.8.0_121]
	at java.io.FileOutputStream.<init>(FileOutputStream.java:213) ~[?:1.8.0_121]
	at java.io.FileOutputStream.<init>(FileOutputStream.java:162) ~[?:1.8.0_121]
	at javax.xml.bind.helpers.AbstractMarshallerImpl.marshal(AbstractMarshallerImpl.java:101) ~[?:1.8.0_121]
	... 44 more
2019-08-20 15:52:34 [AWT-EventQueue-0] DEBUG fr.triedge.pixis.ctrl.Controller - sprite created: sprite1.sp
2019-08-20 15:52:34 [AWT-EventQueue-0] DEBUG fr.triedge.pixis.ctrl.Controller - ACTION DONE: New Sprite
2019-08-20 15:55:04 [AWT-EventQueue-0] DEBUG fr.triedge.pixis.ctrl.Controller - ACTION CALLED: Quit
2019-08-20 15:55:04 [AWT-EventQueue-0] DEBUG fr.triedge.pixis.ctrl.Controller - ACTION DONE: Quit
2019-08-20 15:57:29 [main] DEBUG fr.triedge.pixis.ctrl.Controller - Starting initialization...
2019-08-20 15:57:29 [main] DEBUG fr.triedge.pixis.ctrl.Controller - Initialization completed
2019-08-20 15:57:29 [main] DEBUG fr.triedge.pixis.ui.MainWindow - Windows built
2019-08-20 15:57:31 [AWT-EventQueue-0] DEBUG fr.triedge.pixis.ctrl.Controller - ACTION CALLED: New Project
2019-08-20 15:57:33 [AWT-EventQueue-0] ERROR fr.triedge.pixis.ctrl.Controller - Cannot save project project1.prj
javax.xml.bind.JAXBException: null
	at javax.xml.bind.helpers.AbstractMarshallerImpl.marshal(AbstractMarshallerImpl.java:108) ~[?:1.8.0_121]
	at fr.triedge.pixis.utils.XmlHelper.storeXml(XmlHelper.java:29) ~[bin/:?]
	at fr.triedge.pixis.utils.Storage.storeProject(Storage.java:12) ~[bin/:?]
	at fr.triedge.pixis.utils.Storage.storeProjectToDefault(Storage.java:16) ~[bin/:?]
	at fr.triedge.pixis.model.Project.save(Project.java:24) ~[bin/:?]
	at fr.triedge.pixis.ctrl.Controller.actionNewProject(Controller.java:70) ~[bin/:?]
	at fr.triedge.pixis.ui.MainWindow.lambda$2(MainWindow.java:103) ~[bin/:?]
	at javax.swing.AbstractButton.fireActionPerformed(AbstractButton.java:2022) [?:1.8.0_121]
	at javax.swing.AbstractButton$Handler.actionPerformed(AbstractButton.java:2348) [?:1.8.0_121]
	at javax.swing.DefaultButtonModel.fireActionPerformed(DefaultButtonModel.java:402) [?:1.8.0_121]
	at javax.swing.DefaultButtonModel.setPressed(DefaultButtonModel.java:259) [?:1.8.0_121]
	at javax.swing.AbstractButton.doClick(AbstractButton.java:376) [?:1.8.0_121]
	at javax.swing.plaf.basic.BasicMenuItemUI.doClick(BasicMenuItemUI.java:833) [?:1.8.0_121]
	at javax.swing.plaf.basic.BasicMenuItemUI$Handler.mouseReleased(BasicMenuItemUI.java:877) [?:1.8.0_121]
	at java.awt.Component.processMouseEvent(Component.java:6533) [?:1.8.0_121]
	at javax.swing.JComponent.processMouseEvent(JComponent.java:3324) [?:1.8.0_121]
	at java.awt.Component.processEvent(Component.java:6298) [?:1.8.0_121]
	at java.awt.Container.processEvent(Container.java:2236) [?:1.8.0_121]
	at java.awt.Component.dispatchEventImpl(Component.java:4889) [?:1.8.0_121]
	at java.awt.Container.dispatchEventImpl(Container.java:2294) [?:1.8.0_121]
	at java.awt.Component.dispatchEvent(Component.java:4711) [?:1.8.0_121]
	at java.awt.LightweightDispatcher.retargetMouseEvent(Container.java:4888) [?:1.8.0_121]
	at java.awt.LightweightDispatcher.processMouseEvent(Container.java:4525) [?:1.8.0_121]
	at java.awt.LightweightDispatcher.dispatchEvent(Container.java:4466) [?:1.8.0_121]
	at java.awt.Container.dispatchEventImpl(Container.java:2280) [?:1.8.0_121]
	at java.awt.Window.dispatchEventImpl(Window.java:2746) [?:1.8.0_121]
	at java.awt.Component.dispatchEvent(Component.java:4711) [?:1.8.0_121]
	at java.awt.EventQueue.dispatchEventImpl(EventQueue.java:758) [?:1.8.0_121]
	at java.awt.EventQueue.access$500(EventQueue.java:97) [?:1.8.0_121]
	at java.awt.EventQueue$3.run(EventQueue.java:709) [?:1.8.0_121]
	at java.awt.EventQueue$3.run(EventQueue.java:703) [?:1.8.0_121]
	at java.security.AccessController.doPrivileged(Native Method) ~[?:1.8.0_121]
	at java.security.ProtectionDomain$JavaSecurityAccessImpl.doIntersectionPrivilege(ProtectionDomain.java:80) [?:1.8.0_121]
	at java.security.ProtectionDomain$JavaSecurityAccessImpl.doIntersectionPrivilege(ProtectionDomain.java:90) [?:1.8.0_121]
	at java.awt.EventQueue$4.run(EventQueue.java:731) [?:1.8.0_121]
	at java.awt.EventQueue$4.run(EventQueue.java:729) [?:1.8.0_121]
	at java.security.AccessController.doPrivileged(Native Method) ~[?:1.8.0_121]
	at java.security.ProtectionDomain$JavaSecurityAccessImpl.doIntersectionPrivilege(ProtectionDomain.java:80) [?:1.8.0_121]
	at java.awt.EventQueue.dispatchEvent(EventQueue.java:728) [?:1.8.0_121]
	at java.awt.EventDispatchThread.pumpOneEventForFilters(EventDispatchThread.java:201) [?:1.8.0_121]
	at java.awt.EventDispatchThread.pumpEventsForFilter(EventDispatchThread.java:116) [?:1.8.0_121]
	at java.awt.EventDispatchThread.pumpEventsForHierarchy(EventDispatchThread.java:105) [?:1.8.0_121]
	at java.awt.EventDispatchThread.pumpEvents(EventDispatchThread.java:101) [?:1.8.0_121]
	at java.awt.EventDispatchThread.pumpEvents(EventDispatchThread.java:93) [?:1.8.0_121]
	at java.awt.EventDispatchThread.run(EventDispatchThread.java:82) [?:1.8.0_121]
Caused by: java.io.FileNotFoundException: projects (Access is denied)
	at java.io.FileOutputStream.open0(Native Method) ~[?:1.8.0_121]
	at java.io.FileOutputStream.open(FileOutputStream.java:270) ~[?:1.8.0_121]
	at java.io.FileOutputStream.<init>(FileOutputStream.java:213) ~[?:1.8.0_121]
	at java.io.FileOutputStream.<init>(FileOutputStream.java:162) ~[?:1.8.0_121]
	at javax.xml.bind.helpers.AbstractMarshallerImpl.marshal(AbstractMarshallerImpl.java:101) ~[?:1.8.0_121]
	... 44 more
2019-08-20 15:57:33 [AWT-EventQueue-0] DEBUG fr.triedge.pixis.ctrl.Controller - Project created: project1.prj
2019-08-20 15:57:33 [AWT-EventQueue-0] DEBUG fr.triedge.pixis.ctrl.Controller - ACTION DONE: New Project
2019-08-20 15:58:30 [AWT-EventQueue-0] DEBUG fr.triedge.pixis.ctrl.Controller - ACTION CALLED: New Sprite
2019-08-20 15:58:31 [AWT-EventQueue-0] ERROR fr.triedge.pixis.ctrl.Controller - Cannot save project project1.prj
javax.xml.bind.JAXBException: null
	at javax.xml.bind.helpers.AbstractMarshallerImpl.marshal(AbstractMarshallerImpl.java:108) ~[?:1.8.0_121]
	at fr.triedge.pixis.utils.XmlHelper.storeXml(XmlHelper.java:29) ~[bin/:?]
	at fr.triedge.pixis.utils.Storage.storeProject(Storage.java:12) ~[bin/:?]
	at fr.triedge.pixis.utils.Storage.storeProjectToDefault(Storage.java:16) ~[bin/:?]
	at fr.triedge.pixis.model.Project.save(Project.java:24) ~[bin/:?]
	at fr.triedge.pixis.ctrl.Controller.actionNewSprite(Controller.java:101) ~[bin/:?]
	at fr.triedge.pixis.ui.MainWindow.lambda$3(MainWindow.java:108) ~[bin/:?]
	at javax.swing.AbstractButton.fireActionPerformed(AbstractButton.java:2022) [?:1.8.0_121]
	at javax.swing.AbstractButton$Handler.actionPerformed(AbstractButton.java:2348) [?:1.8.0_121]
	at javax.swing.DefaultButtonModel.fireActionPerformed(DefaultButtonModel.java:402) [?:1.8.0_121]
	at javax.swing.DefaultButtonModel.setPressed(DefaultButtonModel.java:259) [?:1.8.0_121]
	at javax.swing.AbstractButton.doClick(AbstractButton.java:376) [?:1.8.0_121]
	at javax.swing.plaf.basic.BasicMenuItemUI.doClick(BasicMenuItemUI.java:833) [?:1.8.0_121]
	at javax.swing.plaf.basic.BasicMenuItemUI$Handler.mouseReleased(BasicMenuItemUI.java:877) [?:1.8.0_121]
	at java.awt.Component.processMouseEvent(Component.java:6533) [?:1.8.0_121]
	at javax.swing.JComponent.processMouseEvent(JComponent.java:3324) [?:1.8.0_121]
	at java.awt.Component.processEvent(Component.java:6298) [?:1.8.0_121]
	at java.awt.Container.processEvent(Container.java:2236) [?:1.8.0_121]
	at java.awt.Component.dispatchEventImpl(Component.java:4889) [?:1.8.0_121]
	at java.awt.Container.dispatchEventImpl(Container.java:2294) [?:1.8.0_121]
	at java.awt.Component.dispatchEvent(Component.java:4711) [?:1.8.0_121]
	at java.awt.LightweightDispatcher.retargetMouseEvent(Container.java:4888) [?:1.8.0_121]
	at java.awt.LightweightDispatcher.processMouseEvent(Container.java:4525) [?:1.8.0_121]
	at java.awt.LightweightDispatcher.dispatchEvent(Container.java:4466) [?:1.8.0_121]
	at java.awt.Container.dispatchEventImpl(Container.java:2280) [?:1.8.0_121]
	at java.awt.Window.dispatchEventImpl(Window.java:2746) [?:1.8.0_121]
	at java.awt.Component.dispatchEvent(Component.java:4711) [?:1.8.0_121]
	at java.awt.EventQueue.dispatchEventImpl(EventQueue.java:758) [?:1.8.0_121]
	at java.awt.EventQueue.access$500(EventQueue.java:97) [?:1.8.0_121]
	at java.awt.EventQueue$3.run(EventQueue.java:709) [?:1.8.0_121]
	at java.awt.EventQueue$3.run(EventQueue.java:703) [?:1.8.0_121]
	at java.security.AccessController.doPrivileged(Native Method) ~[?:1.8.0_121]
	at java.security.ProtectionDomain$JavaSecurityAccessImpl.doIntersectionPrivilege(ProtectionDomain.java:80) [?:1.8.0_121]
	at java.security.ProtectionDomain$JavaSecurityAccessImpl.doIntersectionPrivilege(ProtectionDomain.java:90) [?:1.8.0_121]
	at java.awt.EventQueue$4.run(EventQueue.java:731) [?:1.8.0_121]
	at java.awt.EventQueue$4.run(EventQueue.java:729) [?:1.8.0_121]
	at java.security.AccessController.doPrivileged(Native Method) ~[?:1.8.0_121]
	at java.security.ProtectionDomain$JavaSecurityAccessImpl.doIntersectionPrivilege(ProtectionDomain.java:80) [?:1.8.0_121]
	at java.awt.EventQueue.dispatchEvent(EventQueue.java:728) [?:1.8.0_121]
	at java.awt.EventDispatchThread.pumpOneEventForFilters(EventDispatchThread.java:201) [?:1.8.0_121]
	at java.awt.EventDispatchThread.pumpEventsForFilter(EventDispatchThread.java:116) [?:1.8.0_121]
	at java.awt.EventDispatchThread.pumpEventsForHierarchy(EventDispatchThread.java:105) [?:1.8.0_121]
	at java.awt.EventDispatchThread.pumpEvents(EventDispatchThread.java:101) [?:1.8.0_121]
	at java.awt.EventDispatchThread.pumpEvents(EventDispatchThread.java:93) [?:1.8.0_121]
	at java.awt.EventDispatchThread.run(EventDispatchThread.java:82) [?:1.8.0_121]
Caused by: java.io.FileNotFoundException: projects (Access is denied)
	at java.io.FileOutputStream.open0(Native Method) ~[?:1.8.0_121]
	at java.io.FileOutputStream.open(FileOutputStream.java:270) ~[?:1.8.0_121]
	at java.io.FileOutputStream.<init>(FileOutputStream.java:213) ~[?:1.8.0_121]
	at java.io.FileOutputStream.<init>(FileOutputStream.java:162) ~[?:1.8.0_121]
	at javax.xml.bind.helpers.AbstractMarshallerImpl.marshal(AbstractMarshallerImpl.java:101) ~[?:1.8.0_121]
	... 44 more
2019-08-20 15:58:31 [AWT-EventQueue-0] DEBUG fr.triedge.pixis.ctrl.Controller - sprite created: sprite1.sp
2019-08-20 15:58:31 [AWT-EventQueue-0] DEBUG fr.triedge.pixis.ctrl.Controller - ACTION DONE: New Sprite
2019-08-20 15:58:35 [AWT-EventQueue-0] DEBUG fr.triedge.pixis.ctrl.Controller - ACTION CALLED: New Sprite
2019-08-20 15:58:36 [AWT-EventQueue-0] ERROR fr.triedge.pixis.ctrl.Controller - Cannot save project project1.prj
javax.xml.bind.JAXBException: null
	at javax.xml.bind.helpers.AbstractMarshallerImpl.marshal(AbstractMarshallerImpl.java:108) ~[?:1.8.0_121]
	at fr.triedge.pixis.utils.XmlHelper.storeXml(XmlHelper.java:29) ~[bin/:?]
	at fr.triedge.pixis.utils.Storage.storeProject(Storage.java:12) ~[bin/:?]
	at fr.triedge.pixis.utils.Storage.storeProjectToDefault(Storage.java:16) ~[bin/:?]
	at fr.triedge.pixis.model.Project.save(Project.java:24) ~[bin/:?]
	at fr.triedge.pixis.ctrl.Controller.actionNewSprite(Controller.java:101) ~[bin/:?]
	at fr.triedge.pixis.ui.MainWindow.lambda$3(MainWindow.java:108) ~[bin/:?]
	at javax.swing.AbstractButton.fireActionPerformed(AbstractButton.java:2022) [?:1.8.0_121]
	at javax.swing.AbstractButton$Handler.actionPerformed(AbstractButton.java:2348) [?:1.8.0_121]
	at javax.swing.DefaultButtonModel.fireActionPerformed(DefaultButtonModel.java:402) [?:1.8.0_121]
	at javax.swing.DefaultButtonModel.setPressed(DefaultButtonModel.java:259) [?:1.8.0_121]
	at javax.swing.AbstractButton.doClick(AbstractButton.java:376) [?:1.8.0_121]
	at javax.swing.plaf.basic.BasicMenuItemUI.doClick(BasicMenuItemUI.java:833) [?:1.8.0_121]
	at javax.swing.plaf.basic.BasicMenuItemUI$Handler.mouseReleased(BasicMenuItemUI.java:877) [?:1.8.0_121]
	at java.awt.Component.processMouseEvent(Component.java:6533) [?:1.8.0_121]
	at javax.swing.JComponent.processMouseEvent(JComponent.java:3324) [?:1.8.0_121]
	at java.awt.Component.processEvent(Component.java:6298) [?:1.8.0_121]
	at java.awt.Container.processEvent(Container.java:2236) [?:1.8.0_121]
	at java.awt.Component.dispatchEventImpl(Component.java:4889) [?:1.8.0_121]
	at java.awt.Container.dispatchEventImpl(Container.java:2294) [?:1.8.0_121]
	at java.awt.Component.dispatchEvent(Component.java:4711) [?:1.8.0_121]
	at java.awt.LightweightDispatcher.retargetMouseEvent(Container.java:4888) [?:1.8.0_121]
	at java.awt.LightweightDispatcher.processMouseEvent(Container.java:4525) [?:1.8.0_121]
	at java.awt.LightweightDispatcher.dispatchEvent(Container.java:4466) [?:1.8.0_121]
	at java.awt.Container.dispatchEventImpl(Container.java:2280) [?:1.8.0_121]
	at java.awt.Window.dispatchEventImpl(Window.java:2746) [?:1.8.0_121]
	at java.awt.Component.dispatchEvent(Component.java:4711) [?:1.8.0_121]
	at java.awt.EventQueue.dispatchEventImpl(EventQueue.java:758) [?:1.8.0_121]
	at java.awt.EventQueue.access$500(EventQueue.java:97) [?:1.8.0_121]
	at java.awt.EventQueue$3.run(EventQueue.java:709) [?:1.8.0_121]
	at java.awt.EventQueue$3.run(EventQueue.java:703) [?:1.8.0_121]
	at java.security.AccessController.doPrivileged(Native Method) ~[?:1.8.0_121]
	at java.security.ProtectionDomain$JavaSecurityAccessImpl.doIntersectionPrivilege(ProtectionDomain.java:80) [?:1.8.0_121]
	at java.security.ProtectionDomain$JavaSecurityAccessImpl.doIntersectionPrivilege(ProtectionDomain.java:90) [?:1.8.0_121]
	at java.awt.EventQueue$4.run(EventQueue.java:731) [?:1.8.0_121]
	at java.awt.EventQueue$4.run(EventQueue.java:729) [?:1.8.0_121]
	at java.security.AccessController.doPrivileged(Native Method) ~[?:1.8.0_121]
	at java.security.ProtectionDomain$JavaSecurityAccessImpl.doIntersectionPrivilege(ProtectionDomain.java:80) [?:1.8.0_121]
	at java.awt.EventQueue.dispatchEvent(EventQueue.java:728) [?:1.8.0_121]
	at java.awt.EventDispatchThread.pumpOneEventForFilters(EventDispatchThread.java:201) [?:1.8.0_121]
	at java.awt.EventDispatchThread.pumpEventsForFilter(EventDispatchThread.java:116) [?:1.8.0_121]
	at java.awt.EventDispatchThread.pumpEventsForHierarchy(EventDispatchThread.java:105) [?:1.8.0_121]
	at java.awt.EventDispatchThread.pumpEvents(EventDispatchThread.java:101) [?:1.8.0_121]
	at java.awt.EventDispatchThread.pumpEvents(EventDispatchThread.java:93) [?:1.8.0_121]
	at java.awt.EventDispatchThread.run(EventDispatchThread.java:82) [?:1.8.0_121]
Caused by: java.io.FileNotFoundException: projects (Access is denied)
	at java.io.FileOutputStream.open0(Native Method) ~[?:1.8.0_121]
	at java.io.FileOutputStream.open(FileOutputStream.java:270) ~[?:1.8.0_121]
	at java.io.FileOutputStream.<init>(FileOutputStream.java:213) ~[?:1.8.0_121]
	at java.io.FileOutputStream.<init>(FileOutputStream.java:162) ~[?:1.8.0_121]
	at javax.xml.bind.helpers.AbstractMarshallerImpl.marshal(AbstractMarshallerImpl.java:101) ~[?:1.8.0_121]
	... 44 more
2019-08-20 15:58:36 [AWT-EventQueue-0] DEBUG fr.triedge.pixis.ctrl.Controller - sprite created: sprite1.sp
2019-08-20 15:58:36 [AWT-EventQueue-0] DEBUG fr.triedge.pixis.ctrl.Controller - ACTION DONE: New Sprite
2019-08-20 15:58:40 [AWT-EventQueue-0] DEBUG fr.triedge.pixis.ctrl.Controller - ACTION CALLED: Quit
2019-08-20 15:58:40 [AWT-EventQueue-0] DEBUG fr.triedge.pixis.ctrl.Controller - ACTION DONE: Quit
2019-08-20 16:01:59 [main] DEBUG fr.triedge.pixis.ctrl.Controller - Starting initialization...
2019-08-20 16:01:59 [main] DEBUG fr.triedge.pixis.ctrl.Controller - Initialization completed
2019-08-20 16:01:59 [main] DEBUG fr.triedge.pixis.ui.MainWindow - Windows built
2019-08-20 16:02:01 [AWT-EventQueue-0] DEBUG fr.triedge.pixis.ctrl.Controller - ACTION CALLED: New Project
2019-08-20 16:02:02 [AWT-EventQueue-0] ERROR fr.triedge.pixis.ctrl.Controller - Cannot save project project1.prj
javax.xml.bind.JAXBException: null
	at javax.xml.bind.helpers.AbstractMarshallerImpl.marshal(AbstractMarshallerImpl.java:108) ~[?:1.8.0_121]
	at fr.triedge.pixis.utils.XmlHelper.storeXml(XmlHelper.java:29) ~[bin/:?]
	at fr.triedge.pixis.utils.Storage.storeProject(Storage.java:12) ~[bin/:?]
	at fr.triedge.pixis.utils.Storage.storeProjectToDefault(Storage.java:16) ~[bin/:?]
	at fr.triedge.pixis.model.Project.save(Project.java:24) ~[bin/:?]
	at fr.triedge.pixis.ctrl.Controller.actionNewProject(Controller.java:58) ~[bin/:?]
	at fr.triedge.pixis.ui.MainWindow.lambda$2(MainWindow.java:103) ~[bin/:?]
	at javax.swing.AbstractButton.fireActionPerformed(AbstractButton.java:2022) [?:1.8.0_121]
	at javax.swing.AbstractButton$Handler.actionPerformed(AbstractButton.java:2348) [?:1.8.0_121]
	at javax.swing.DefaultButtonModel.fireActionPerformed(DefaultButtonModel.java:402) [?:1.8.0_121]
	at javax.swing.DefaultButtonModel.setPressed(DefaultButtonModel.java:259) [?:1.8.0_121]
	at javax.swing.AbstractButton.doClick(AbstractButton.java:376) [?:1.8.0_121]
	at javax.swing.plaf.basic.BasicMenuItemUI.doClick(BasicMenuItemUI.java:833) [?:1.8.0_121]
	at javax.swing.plaf.basic.BasicMenuItemUI$Handler.mouseReleased(BasicMenuItemUI.java:877) [?:1.8.0_121]
	at java.awt.Component.processMouseEvent(Component.java:6533) [?:1.8.0_121]
	at javax.swing.JComponent.processMouseEvent(JComponent.java:3324) [?:1.8.0_121]
	at java.awt.Component.processEvent(Component.java:6298) [?:1.8.0_121]
	at java.awt.Container.processEvent(Container.java:2236) [?:1.8.0_121]
	at java.awt.Component.dispatchEventImpl(Component.java:4889) [?:1.8.0_121]
	at java.awt.Container.dispatchEventImpl(Container.java:2294) [?:1.8.0_121]
	at java.awt.Component.dispatchEvent(Component.java:4711) [?:1.8.0_121]
	at java.awt.LightweightDispatcher.retargetMouseEvent(Container.java:4888) [?:1.8.0_121]
	at java.awt.LightweightDispatcher.processMouseEvent(Container.java:4525) [?:1.8.0_121]
	at java.awt.LightweightDispatcher.dispatchEvent(Container.java:4466) [?:1.8.0_121]
	at java.awt.Container.dispatchEventImpl(Container.java:2280) [?:1.8.0_121]
	at java.awt.Window.dispatchEventImpl(Window.java:2746) [?:1.8.0_121]
	at java.awt.Component.dispatchEvent(Component.java:4711) [?:1.8.0_121]
	at java.awt.EventQueue.dispatchEventImpl(EventQueue.java:758) [?:1.8.0_121]
	at java.awt.EventQueue.access$500(EventQueue.java:97) [?:1.8.0_121]
	at java.awt.EventQueue$3.run(EventQueue.java:709) [?:1.8.0_121]
	at java.awt.EventQueue$3.run(EventQueue.java:703) [?:1.8.0_121]
	at java.security.AccessController.doPrivileged(Native Method) ~[?:1.8.0_121]
	at java.security.ProtectionDomain$JavaSecurityAccessImpl.doIntersectionPrivilege(ProtectionDomain.java:80) [?:1.8.0_121]
	at java.security.ProtectionDomain$JavaSecurityAccessImpl.doIntersectionPrivilege(ProtectionDomain.java:90) [?:1.8.0_121]
	at java.awt.EventQueue$4.run(EventQueue.java:731) [?:1.8.0_121]
	at java.awt.EventQueue$4.run(EventQueue.java:729) [?:1.8.0_121]
	at java.security.AccessController.doPrivileged(Native Method) ~[?:1.8.0_121]
	at java.security.ProtectionDomain$JavaSecurityAccessImpl.doIntersectionPrivilege(ProtectionDomain.java:80) [?:1.8.0_121]
	at java.awt.EventQueue.dispatchEvent(EventQueue.java:728) [?:1.8.0_121]
	at java.awt.EventDispatchThread.pumpOneEventForFilters(EventDispatchThread.java:201) [?:1.8.0_121]
	at java.awt.EventDispatchThread.pumpEventsForFilter(EventDispatchThread.java:116) [?:1.8.0_121]
	at java.awt.EventDispatchThread.pumpEventsForHierarchy(EventDispatchThread.java:105) [?:1.8.0_121]
	at java.awt.EventDispatchThread.pumpEvents(EventDispatchThread.java:101) [?:1.8.0_121]
	at java.awt.EventDispatchThread.pumpEvents(EventDispatchThread.java:93) [?:1.8.0_121]
	at java.awt.EventDispatchThread.run(EventDispatchThread.java:82) [?:1.8.0_121]
Caused by: java.io.FileNotFoundException: projects\project1.prj (The system cannot find the path specified)
	at java.io.FileOutputStream.open0(Native Method) ~[?:1.8.0_121]
	at java.io.FileOutputStream.open(FileOutputStream.java:270) ~[?:1.8.0_121]
	at java.io.FileOutputStream.<init>(FileOutputStream.java:213) ~[?:1.8.0_121]
	at java.io.FileOutputStream.<init>(FileOutputStream.java:162) ~[?:1.8.0_121]
	at javax.xml.bind.helpers.AbstractMarshallerImpl.marshal(AbstractMarshallerImpl.java:101) ~[?:1.8.0_121]
	... 44 more
2019-08-20 16:02:02 [AWT-EventQueue-0] DEBUG fr.triedge.pixis.ctrl.Controller - ACTION DONE: New Project
2019-08-20 16:02:19 [AWT-EventQueue-0] DEBUG fr.triedge.pixis.ctrl.Controller - ACTION CALLED: New Project
2019-08-20 16:02:20 [AWT-EventQueue-0] DEBUG fr.triedge.pixis.ctrl.Controller - Project created: project1.prj
2019-08-20 16:02:20 [AWT-EventQueue-0] DEBUG fr.triedge.pixis.ctrl.Controller - ACTION DONE: New Project
2019-08-20 16:02:29 [AWT-EventQueue-0] DEBUG fr.triedge.pixis.ctrl.Controller - ACTION CALLED: New Sprite
2019-08-20 16:02:30 [AWT-EventQueue-0] DEBUG fr.triedge.pixis.ctrl.Controller - sprite created: sprite1.sp
2019-08-20 16:02:30 [AWT-EventQueue-0] DEBUG fr.triedge.pixis.ctrl.Controller - ACTION DONE: New Sprite
2019-08-20 16:03:43 [AWT-EventQueue-0] DEBUG fr.triedge.pixis.ctrl.Controller - ACTION CALLED: Quit
2019-08-20 16:03:43 [AWT-EventQueue-0] DEBUG fr.triedge.pixis.ctrl.Controller - ACTION DONE: Quit
2019-08-20 16:03:45 [main] DEBUG fr.triedge.pixis.ctrl.Controller - Starting initialization...
2019-08-20 16:03:45 [main] DEBUG fr.triedge.pixis.ctrl.Controller - Initialization completed
2019-08-20 16:03:46 [main] DEBUG fr.triedge.pixis.ui.MainWindow - Windows built
2019-08-20 16:03:48 [AWT-EventQueue-0] DEBUG fr.triedge.pixis.ctrl.Controller - ACTION CALLED: New Project
2019-08-20 16:03:50 [AWT-EventQueue-0] DEBUG fr.triedge.pixis.ctrl.Controller - Project created: project1.prj
2019-08-20 16:03:50 [AWT-EventQueue-0] DEBUG fr.triedge.pixis.ctrl.Controller - ACTION DONE: New Project
2019-08-20 16:03:52 [AWT-EventQueue-0] DEBUG fr.triedge.pixis.ctrl.Controller - ACTION CALLED: New Sprite
2019-08-20 16:03:53 [AWT-EventQueue-0] DEBUG fr.triedge.pixis.ctrl.Controller - sprite created: sprite1.sp
2019-08-20 16:03:53 [AWT-EventQueue-0] DEBUG fr.triedge.pixis.ctrl.Controller - ACTION DONE: New Sprite
2019-08-20 16:04:24 [AWT-EventQueue-0] DEBUG fr.triedge.pixis.ctrl.Controller - ACTION CALLED: New Sprite
2019-08-20 16:04:29 [AWT-EventQueue-0] DEBUG fr.triedge.pixis.ctrl.Controller - sprite created: sprite2.sp
2019-08-20 16:04:29 [AWT-EventQueue-0] DEBUG fr.triedge.pixis.ctrl.Controller - ACTION DONE: New Sprite
2019-08-20 16:06:38 [main] DEBUG fr.triedge.pixis.ctrl.Controller - Starting initialization...
2019-08-20 16:06:38 [main] DEBUG fr.triedge.pixis.ctrl.Controller - Initialization completed
2019-08-20 16:06:38 [main] DEBUG fr.triedge.pixis.ui.MainWindow - Windows built
2019-08-20 16:06:40 [AWT-EventQueue-0] DEBUG fr.triedge.pixis.ctrl.Controller - ACTION CALLED: New Project
2019-08-20 16:06:41 [AWT-EventQueue-0] DEBUG fr.triedge.pixis.ctrl.Controller - Project created: project1.prj
2019-08-20 16:06:41 [AWT-EventQueue-0] DEBUG fr.triedge.pixis.ctrl.Controller - ACTION DONE: New Project
2019-08-20 16:06:44 [AWT-EventQueue-0] DEBUG fr.triedge.pixis.ctrl.Controller - ACTION CALLED: New Sprite
2019-08-20 16:06:46 [AWT-EventQueue-0] DEBUG fr.triedge.pixis.ctrl.Controller - sprite created: sprite1.sp
2019-08-20 16:06:46 [AWT-EventQueue-0] DEBUG fr.triedge.pixis.ctrl.Controller - ACTION DONE: New Sprite
2019-08-20 16:07:00 [AWT-EventQueue-0] DEBUG fr.triedge.pixis.ctrl.Controller - ACTION CALLED: Quit
2019-08-20 16:07:00 [AWT-EventQueue-0] DEBUG fr.triedge.pixis.ctrl.Controller - ACTION DONE: Quit
2019-08-20 16:15:43 [main] DEBUG fr.triedge.pixis.ctrl.Controller - Starting initialization...
2019-08-20 16:15:43 [main] DEBUG fr.triedge.pixis.ctrl.Controller - Initialization completed
2019-08-20 16:15:43 [main] DEBUG fr.triedge.pixis.ui.MainWindow - Windows built
2019-08-20 16:17:02 [AWT-EventQueue-0] DEBUG fr.triedge.pixis.ctrl.Controller - ACTION CALLED: Quit
2019-08-20 16:17:02 [AWT-EventQueue-0] DEBUG fr.triedge.pixis.ctrl.Controller - ACTION DONE: Quit
2019-08-20 16:17:05 [main] DEBUG fr.triedge.pixis.ctrl.Controller - Starting initialization...
2019-08-20 16:17:05 [main] DEBUG fr.triedge.pixis.ctrl.Controller - Initialization completed
2019-08-20 16:17:05 [main] DEBUG fr.triedge.pixis.ui.MainWindow - Windows built
2019-08-20 16:17:20 [AWT-EventQueue-0] DEBUG fr.triedge.pixis.ctrl.Controller - ACTION CALLED: Quit
2019-08-20 16:17:20 [AWT-EventQueue-0] DEBUG fr.triedge.pixis.ctrl.Controller - ACTION DONE: Quit
2019-08-20 16:53:52 [main] DEBUG fr.triedge.pixis.ctrl.Controller - Starting initialization...
2019-08-20 16:53:52 [main] DEBUG fr.triedge.pixis.ctrl.Controller - Initialization completed
2019-08-20 16:53:52 [main] DEBUG fr.triedge.pixis.ui.MainWindow - Windows built
2019-08-20 16:53:54 [AWT-EventQueue-0] DEBUG fr.triedge.pixis.ctrl.Controller - ACTION CALLED: Open Project
2019-08-20 16:53:56 [AWT-EventQueue-0] DEBUG fr.triedge.pixis.ctrl.Controller - ACTION DONE: Open Project
2019-08-20 16:54:12 [AWT-EventQueue-0] DEBUG fr.triedge.pixis.ctrl.Controller - ACTION CALLED: Quit
2019-08-20 16:54:12 [AWT-EventQueue-0] DEBUG fr.triedge.pixis.ctrl.Controller - ACTION DONE: Quit
2019-08-20 17:02:05 [main] DEBUG fr.triedge.pixis.ctrl.Controller - Starting initialization...
2019-08-20 17:02:05 [main] DEBUG fr.triedge.pixis.ctrl.Controller - Initialization completed
2019-08-20 17:02:05 [main] DEBUG fr.triedge.pixis.ui.MainWindow - Windows built
2019-08-20 17:02:07 [AWT-EventQueue-0] DEBUG fr.triedge.pixis.ctrl.Controller - ACTION CALLED: Open Project
2019-08-20 17:02:09 [AWT-EventQueue-0] DEBUG fr.triedge.pixis.ctrl.Controller - ACTION DONE: Open Project
2019-08-20 17:02:22 [AWT-EventQueue-0] DEBUG fr.triedge.pixis.ctrl.Controller - ACTION CALLED: Quit
2019-08-20 17:02:22 [AWT-EventQueue-0] DEBUG fr.triedge.pixis.ctrl.Controller - ACTION DONE: Quit
2019-08-20 17:09:17 [main] DEBUG fr.triedge.pixis.ctrl.Controller - Starting initialization...
2019-08-20 17:09:17 [main] DEBUG fr.triedge.pixis.ctrl.Controller - Initialization completed
2019-08-20 17:09:17 [main] DEBUG fr.triedge.pixis.ui.MainWindow - Windows built
2019-08-20 17:09:20 [AWT-EventQueue-0] DEBUG fr.triedge.pixis.ctrl.Controller - ACTION CALLED: Open Project
2019-08-20 17:09:22 [AWT-EventQueue-0] DEBUG fr.triedge.pixis.ctrl.Controller - ACTION DONE: Open Project
2019-08-20 17:11:33 [AWT-EventQueue-0] DEBUG fr.triedge.pixis.ctrl.Controller - ACTION CALLED: Quit
2019-08-20 17:11:33 [AWT-EventQueue-0] DEBUG fr.triedge.pixis.ctrl.Controller - ACTION DONE: Quit
2019-08-20 17:11:36 [main] DEBUG fr.triedge.pixis.ctrl.Controller - Starting initialization...
2019-08-20 17:11:36 [main] DEBUG fr.triedge.pixis.ctrl.Controller - Initialization completed
2019-08-20 17:11:36 [main] DEBUG fr.triedge.pixis.ui.MainWindow - Windows built
2019-08-20 17:11:38 [AWT-EventQueue-0] DEBUG fr.triedge.pixis.ctrl.Controller - ACTION CALLED: Open Project
2019-08-20 17:11:40 [AWT-EventQueue-0] DEBUG fr.triedge.pixis.ctrl.Controller - ACTION DONE: Open Project
2019-08-20 17:16:33 [AWT-EventQueue-0] DEBUG fr.triedge.pixis.ctrl.Controller - ACTION CALLED: New Sprite
2019-08-20 17:16:35 [AWT-EventQueue-0] DEBUG fr.triedge.pixis.ctrl.Controller - sprite created: sprite2.sp
2019-08-20 17:16:35 [AWT-EventQueue-0] DEBUG fr.triedge.pixis.ctrl.Controller - ACTION DONE: New Sprite
2019-08-20 17:16:37 [AWT-EventQueue-0] DEBUG fr.triedge.pixis.ctrl.Controller - ACTION CALLED: New Sprite
2019-08-20 17:16:39 [AWT-EventQueue-0] DEBUG fr.triedge.pixis.ctrl.Controller - sprite created: sprite3.sp
2019-08-20 17:16:39 [AWT-EventQueue-0] DEBUG fr.triedge.pixis.ctrl.Controller - ACTION DONE: New Sprite
2019-08-20 17:16:41 [AWT-EventQueue-0] DEBUG fr.triedge.pixis.ctrl.Controller - ACTION CALLED: Quit
2019-08-20 17:16:41 [AWT-EventQueue-0] DEBUG fr.triedge.pixis.ctrl.Controller - ACTION DONE: Quit
2019-08-20 17:16:45 [main] DEBUG fr.triedge.pixis.ctrl.Controller - Starting initialization...
2019-08-20 17:16:45 [main] DEBUG fr.triedge.pixis.ctrl.Controller - Initialization completed
2019-08-20 17:16:45 [main] DEBUG fr.triedge.pixis.ui.MainWindow - Windows built
2019-08-20 17:16:47 [AWT-EventQueue-0] DEBUG fr.triedge.pixis.ctrl.Controller - ACTION CALLED: Open Project
2019-08-20 17:16:48 [AWT-EventQueue-0] DEBUG fr.triedge.pixis.ctrl.Controller - ACTION DONE: Open Project
2019-08-20 17:17:44 [AWT-EventQueue-0] DEBUG fr.triedge.pixis.ctrl.Controller - ACTION CALLED: Quit
2019-08-20 17:17:44 [AWT-EventQueue-0] DEBUG fr.triedge.pixis.ctrl.Controller - ACTION DONE: Quit
2019-08-20 17:17:47 [main] DEBUG fr.triedge.pixis.ctrl.Controller - Starting initialization...
2019-08-20 17:17:47 [main] DEBUG fr.triedge.pixis.ctrl.Controller - Initialization completed
2019-08-20 17:17:47 [main] DEBUG fr.triedge.pixis.ui.MainWindow - Windows built
2019-08-20 17:17:48 [AWT-EventQueue-0] DEBUG fr.triedge.pixis.ctrl.Controller - ACTION CALLED: Open Project
2019-08-20 17:17:50 [AWT-EventQueue-0] DEBUG fr.triedge.pixis.ctrl.Controller - ACTION DONE: Open Project
2019-08-20 17:18:17 [AWT-EventQueue-0] DEBUG fr.triedge.pixis.ctrl.Controller - ACTION CALLED: Quit
2019-08-20 17:18:17 [AWT-EventQueue-0] DEBUG fr.triedge.pixis.ctrl.Controller - ACTION DONE: Quit
2019-08-20 17:22:09 [main] DEBUG fr.triedge.pixis.ctrl.Controller - Starting initialization...
2019-08-20 17:22:09 [main] DEBUG fr.triedge.pixis.ctrl.Controller - Initialization completed
2019-08-20 17:22:09 [main] DEBUG fr.triedge.pixis.ui.MainWindow - Windows built
2019-08-20 17:22:11 [AWT-EventQueue-0] DEBUG fr.triedge.pixis.ctrl.Controller - ACTION CALLED: Open Project
2019-08-20 17:22:13 [AWT-EventQueue-0] DEBUG fr.triedge.pixis.ctrl.Controller - ACTION DONE: Open Project
2019-08-20 17:24:08 [main] DEBUG fr.triedge.pixis.ctrl.Controller - Starting initialization...
2019-08-20 17:24:08 [main] DEBUG fr.triedge.pixis.ctrl.Controller - Initialization completed
2019-08-20 17:24:09 [main] DEBUG fr.triedge.pixis.ui.MainWindow - Windows built
2019-08-20 17:24:11 [AWT-EventQueue-0] DEBUG fr.triedge.pixis.ctrl.Controller - ACTION CALLED: Open Project
2019-08-20 17:24:12 [AWT-EventQueue-0] DEBUG fr.triedge.pixis.ctrl.Controller - ACTION DONE: Open Project
2019-08-20 17:28:02 [main] DEBUG fr.triedge.pixis.ctrl.Controller - Starting initialization...
2019-08-20 17:28:02 [main] DEBUG fr.triedge.pixis.ctrl.Controller - Initialization completed
2019-08-20 17:28:02 [main] DEBUG fr.triedge.pixis.ui.MainWindow - Windows built
2019-08-20 17:28:04 [AWT-EventQueue-0] DEBUG fr.triedge.pixis.ctrl.Controller - ACTION CALLED: Open Project
2019-08-20 17:28:05 [AWT-EventQueue-0] DEBUG fr.triedge.pixis.ctrl.Controller - ACTION DONE: Open Project
2019-08-20 17:28:37 [AWT-EventQueue-0] DEBUG fr.triedge.pixis.ctrl.Controller - ACTION CALLED: Quit
2019-08-20 17:28:37 [AWT-EventQueue-0] DEBUG fr.triedge.pixis.ctrl.Controller - ACTION DONE: Quit
2019-08-20 17:49:30 [main] DEBUG fr.triedge.pixis.ctrl.Controller - Starting initialization...
2019-08-20 17:49:30 [main] DEBUG fr.triedge.pixis.ctrl.Controller - Initialization completed
2019-08-20 17:49:30 [main] DEBUG fr.triedge.pixis.ui.MainWindow - Windows built
2019-08-20 17:49:33 [AWT-EventQueue-0] DEBUG fr.triedge.pixis.ctrl.Controller - ACTION CALLED: Open Project
2019-08-20 17:49:35 [AWT-EventQueue-0] DEBUG fr.triedge.pixis.ctrl.Controller - ACTION DONE: Open Project
2019-08-20 17:50:15 [main] DEBUG fr.triedge.pixis.ctrl.Controller - Starting initialization...
2019-08-20 17:50:15 [main] DEBUG fr.triedge.pixis.ctrl.Controller - Initialization completed
2019-08-20 17:50:16 [main] DEBUG fr.triedge.pixis.ui.MainWindow - Windows built
2019-08-20 17:50:17 [AWT-EventQueue-0] DEBUG fr.triedge.pixis.ctrl.Controller - ACTION CALLED: Open Project
2019-08-20 17:50:20 [AWT-EventQueue-0] DEBUG fr.triedge.pixis.ctrl.Controller - ACTION DONE: Open Project
2019-08-20 17:51:29 [AWT-EventQueue-0] DEBUG fr.triedge.pixis.ctrl.Controller - ACTION CALLED: Quit
2019-08-20 17:51:29 [AWT-EventQueue-0] DEBUG fr.triedge.pixis.ctrl.Controller - ACTION DONE: Quit
2019-08-20 17:51:30 [AWT-EventQueue-0] DEBUG fr.triedge.pixis.ctrl.Controller - ACTION CALLED: Quit
2019-08-20 17:51:30 [AWT-EventQueue-0] DEBUG fr.triedge.pixis.ctrl.Controller - ACTION DONE: Quit
2019-08-20 17:51:34 [main] DEBUG fr.triedge.pixis.ctrl.Controller - Starting initialization...
2019-08-20 17:51:34 [main] DEBUG fr.triedge.pixis.ctrl.Controller - Initialization completed
2019-08-20 17:51:34 [main] DEBUG fr.triedge.pixis.ui.MainWindow - Windows built
2019-08-20 17:51:36 [AWT-EventQueue-0] DEBUG fr.triedge.pixis.ctrl.Controller - ACTION CALLED: Open Project
2019-08-20 17:51:37 [AWT-EventQueue-0] DEBUG fr.triedge.pixis.ctrl.Controller - ACTION DONE: Open Project
2019-08-20 17:51:48 [AWT-EventQueue-0] DEBUG fr.triedge.pixis.ctrl.Controller - ACTION CALLED: Quit
2019-08-20 17:51:48 [AWT-EventQueue-0] DEBUG fr.triedge.pixis.ctrl.Controller - ACTION DONE: Quit
2019-08-20 18:08:58 [main] DEBUG fr.triedge.pixis.ctrl.Controller - Starting initialization...
2019-08-20 18:08:58 [main] DEBUG fr.triedge.pixis.ctrl.Controller - Initialization completed
2019-08-20 18:08:59 [main] DEBUG fr.triedge.pixis.ui.MainWindow - Windows built
2019-08-20 18:09:01 [AWT-EventQueue-0] DEBUG fr.triedge.pixis.ctrl.Controller - ACTION CALLED: Open Project
2019-08-20 18:09:03 [AWT-EventQueue-0] DEBUG fr.triedge.pixis.ctrl.Controller - ACTION DONE: Open Project
2019-08-20 18:09:50 [main] DEBUG fr.triedge.pixis.ctrl.Controller - Starting initialization...
2019-08-20 18:09:50 [main] DEBUG fr.triedge.pixis.ctrl.Controller - Initialization completed
2019-08-20 18:09:50 [main] DEBUG fr.triedge.pixis.ui.MainWindow - Windows built
2019-08-20 18:09:52 [AWT-EventQueue-0] DEBUG fr.triedge.pixis.ctrl.Controller - ACTION CALLED: Open Project
2019-08-20 18:09:54 [AWT-EventQueue-0] DEBUG fr.triedge.pixis.ctrl.Controller - ACTION DONE: Open Project
